=== AI Hustle Machine Orchestrator v1.0.0-alpha.43 ===
[A2A] Subscribed to topic: alpha_discovery
[A2A] Subscribed to topic: swarm_sync
[A2A] Agent local-node subscribed to direct mesh
Task registered: Research (Interval: 1h0m0s)
Task registered: CurationChain (Interval: 2h0m0s)
Task registered: Trading (Interval: 30m0s)
Task registered: SwarmSync (Interval: 4h0m0s)
Task registered: Sync (Interval: 6h0m0s)
Task registered: ProfitAnalysis (Interval: 12h0m0s)
Task registered: WorkflowDiscovery (Interval: 24h0m0s)
Task registered: Heartbeat (Interval: 5m0s)
Orchestrator running in Daemon mode.
Starting Task Scheduler...
Running task: Research
Protocol routing to module: research with params: map[query:[AI Agent Trends]]
Searching via Tavily for: AI Agent Trends
Warning: TAVILY_API_KEY not set, using mock data.
[Research] Potential Alpha discovered: BTC
[A2A] Publishing to topic alpha_discovery: BTC
[Mesh] Received Alpha Discovery: BTC
[Trading] Adding BTC to watchlist
Running task: CurationChain
Protocol routing to module: chain with params: map[]
Task CurationChain failed: chain curation not found
Running task: Trading
Protocol routing to module: trading with params: map[symbol:[BTC]]
[Trading] Executing strategy for Symbol: BTC
[Trading] Current Price for BTC: $50795.21
[Trading] Indicators -> SMA(5): $50795.21 | RSI(14): 50.00
[Trading] Insufficient history for complex indicators, defaulting to HOLD.
[Trading] Strategy Decision: HOLD
Running task: SwarmSync
Protocol routing to module: swarm with params: map[action:[sync]]
[Swarm] Initiating automated delta-sync with peers...
Running task: Sync
=== EXECUTIVE PROTOCOL: REPOSITORY SYNC & INTELLIGENT MERGE ===
Step 1: Upstream Tracking & Submodule Sanitization
Using remote: origin
Main branch detected: main
Fetching all remotes and tags...
From https://github.com/robertpelloni/fully_automated_gay_luxury_space_communism
   f00ed61..7487453  feat/v1.0.0-alpha.41-market-and-vectors-16916407497237544702 -> origin/feat/v1.0.0-alpha.41-market-and-vectors-16916407497237544702
Updating submodules recursively to their latest tracking commits...
Initial branch: main
Step 2: Dual-Direction Intelligent Merge Engine
--- Reconciling Branch: feat/v1.0.0-alpha.41-staging-final ---
Stashing local changes...
